<?xml version="1.0" encoding="UTF-8"?>
<!-- Generated by org.testng.reporters.JUnitXMLReporter -->
<testsuite ignored="0" hostname="OmNamahShivay" failures="0" tests="3" name="Test" time="40.287" errors="0" timestamp="2024-03-18T01:18:35 IST">
  <testcase classname="script.RegisterScriptTest" name="RegistrationScript" time="4.929"/>
  <testcase classname="script.LoginScriptTest" name="login" time="2.373"/>
  <testcase classname="script.HomePageSciptTest" name="VerifyHome" time="6.334"/>
</testsuite> <!-- Test -->
